<?xml version="1.0" encoding="UTF-8"?>
<testsuite name="group2.gic32.cafeGIC.CafeGicApplicationTests" tests="1" skipped="0" failures="0" errors="0" timestamp="2023-05-28T22:40:40" hostname="APPLEs-MacBook-Pro-3.local" time="0.696">
  <properties/>
  <testcase name="contextLoads()" classname="group2.gic32.cafeGIC.CafeGicApplicationTests" time="0.696"/>
  <system-out><![CDATA[05:40:36.387 [Test worker] INFO org.springframework.test.context.support.AnnotationConfigContextLoaderUtils -- Could not detect default configuration classes for test class [group2.gic32.cafeGIC.CafeGicApplicationTests]: CafeGicApplicationTests does not declare any static, non-private, non-final, nested classes annotated with @Configuration.
05:40:36.487 [Test worker] INFO org.springframework.boot.test.context.SpringBootTestContextBootstrapper -- Found @SpringBootConfiguration group2.gic32.cafeGIC.CafeGicApplication for test class group2.gic32.cafeGIC.CafeGicApplicationTests

  .   ____          _            __ _ _
 /\\ / ___'_ __ _ _(_)_ __  __ _ \ \ \ \
( ( )\___ | '_ | '_| | '_ \/ _` | \ \ \ \
 \\/  ___)| |_)| | | | | || (_| |  ) ) ) )
  '  |____| .__|_| |_|_| |_\__, | / / / /
 =========|_|==============|___/=/_/_/_/
 :: Spring Boot ::       (v3.1.1-SNAPSHOT)

2023-05-29T05:40:36.890+07:00  INFO 13531 --- [    Test worker] g.gic32.cafeGIC.CafeGicApplicationTests  : Starting CafeGicApplicationTests using Java 17.0.7 with PID 13531 (started by paraga in /Users/paraga/GitHub/GIC-Cafe-2023)
2023-05-29T05:40:36.892+07:00  INFO 13531 --- [    Test worker] g.gic32.cafeGIC.CafeGicApplicationTests  : No active profile set, falling back to 1 default profile: "default"
2023-05-29T05:40:37.720+07:00  INFO 13531 --- [    Test worker] .s.d.r.c.RepositoryConfigurationDelegate : Bootstrapping Spring Data JPA repositories in DEFAULT mode.
2023-05-29T05:40:37.739+07:00  INFO 13531 --- [    Test worker] .s.d.r.c.RepositoryConfigurationDelegate : Finished Spring Data repository scanning in 11 ms. Found 0 JPA repository interfaces.
2023-05-29T05:40:38.139+07:00  INFO 13531 --- [    Test worker] o.hibernate.jpa.internal.util.LogHelper  : HHH000204: Processing PersistenceUnitInfo [name: default]
2023-05-29T05:40:38.186+07:00  INFO 13531 --- [    Test worker] org.hibernate.Version                    : HHH000412: Hibernate ORM core version 6.2.2.Final
2023-05-29T05:40:38.188+07:00  INFO 13531 --- [    Test worker] org.hibernate.cfg.Environment            : HHH000406: Using bytecode reflection optimizer
2023-05-29T05:40:38.316+07:00  INFO 13531 --- [    Test worker] o.h.b.i.BytecodeProviderInitiator        : HHH000021: Bytecode provider name : bytebuddy
2023-05-29T05:40:38.442+07:00  INFO 13531 --- [    Test worker] o.s.o.j.p.SpringPersistenceUnitInfo      : No LoadTimeWeaver setup: ignoring JPA class transformer
2023-05-29T05:40:38.456+07:00  INFO 13531 --- [    Test worker] com.zaxxer.hikari.HikariDataSource       : HikariPool-1 - Starting...
2023-05-29T05:40:38.771+07:00  INFO 13531 --- [    Test worker] com.zaxxer.hikari.pool.HikariPool        : HikariPool-1 - Added connection com.mysql.cj.jdbc.ConnectionImpl@7d626f2
2023-05-29T05:40:38.773+07:00  INFO 13531 --- [    Test worker] com.zaxxer.hikari.HikariDataSource       : HikariPool-1 - Start completed.
2023-05-29T05:40:38.836+07:00  INFO 13531 --- [    Test worker] org.hibernate.orm.dialect                : HHH035001: Using dialect: org.hibernate.dialect.MySQLDialect, version: 8.0.31
2023-05-29T05:40:38.922+07:00  INFO 13531 --- [    Test worker] o.h.b.i.BytecodeProviderInitiator        : HHH000021: Bytecode provider name : bytebuddy
2023-05-29T05:40:39.138+07:00  INFO 13531 --- [    Test worker] o.h.e.t.j.p.i.JtaPlatformInitiator       : HHH000490: Using JtaPlatform implementation: [org.hibernate.engine.transaction.jta.platform.internal.NoJtaPlatform]
2023-05-29T05:40:39.143+07:00  INFO 13531 --- [    Test worker] j.LocalContainerEntityManagerFactoryBean : Initialized JPA EntityManagerFactory for persistence unit 'default'
2023-05-29T05:40:39.276+07:00  WARN 13531 --- [    Test worker] JpaBaseConfiguration$JpaWebConfiguration : spring.jpa.open-in-view is enabled by default. Therefore, database queries may be performed during view rendering. Explicitly configure spring.jpa.open-in-view to disable this warning
2023-05-29T05:40:39.872+07:00  INFO 13531 --- [    Test worker] o.s.b.a.e.web.EndpointLinksResolver      : Exposing 1 endpoint(s) beneath base path '/actuator'
2023-05-29T05:40:39.954+07:00  INFO 13531 --- [    Test worker] g.gic32.cafeGIC.CafeGicApplicationTests  : Started CafeGicApplicationTests in 3.315 seconds (process running for 4.378)
]]></system-out>
  <system-err><![CDATA[]]></system-err>
</testsuite>
